=/pretest.json
{
  _: [],
  f: [
    '/home/runner/work/exp-construct-pushdown-automata-au/exp-construct-pushdown-automata-au/experiment/pretest.json'
  ],
  files: [
    '/home/runner/work/exp-construct-pushdown-automata-au/exp-construct-pushdown-automata-au/experiment/pretest.json'
  ],
  c: 'assessment',
  contentTypes: 'assessment',
  'content-types': 'assessment',
  '$0': 'validate'
}
/questions/2: must have required property 'correctAnswer'

/questions/2: must have required property 'difficulty'

Json Error: must match "then" schema
Json Error: must match "then" schema
Failed while validating /home/runner/work/exp-construct-pushdown-automata-au/exp-construct-pushdown-automata-au/experiment/pretest.json
Error: Schema is Invalid
=/posttest.json
{
  _: [],
  f: [
    '/home/runner/work/exp-construct-pushdown-automata-au/exp-construct-pushdown-automata-au/experiment/posttest.json'
  ],
  files: [
    '/home/runner/work/exp-construct-pushdown-automata-au/exp-construct-pushdown-automata-au/experiment/posttest.json'
  ],
  c: 'assessment',
  contentTypes: 'assessment',
  'content-types': 'assessment',
  '$0': 'validate'
}
Validated true
