
/home/runner/work/exp-construct-pushdown-automata-au/exp-construct-pushdown-automata-au/experiment/simulation/js/index-XSSGamXw.js
    9:1588    warning  Do not access Object.prototype method 'hasOwnProperty' from target object  no-prototype-builtins
    9:4551    warning  Do not access Object.prototype method 'hasOwnProperty' from target object  no-prototype-builtins
   17:376     warning  Do not access Object.prototype method 'hasOwnProperty' from target object  no-prototype-builtins
   25:935     warning  'setImmediate' is not defined                                              no-undef
   33:596     warning  Unexpected combined character in character class                           no-misleading-character-class
   33:3023    warning  Unnecessary escape character: \-                                           no-useless-escape
   33:4912    warning  Do not access Object.prototype method 'hasOwnProperty' from target object  no-prototype-builtins
   37:202     warning  Expected a conditional expression and instead saw an assignment            no-cond-assign
   37:1216    warning  Empty block statement                                                      no-empty
   37:2389    warning  Do not access Object.prototype method 'hasOwnProperty' from target object  no-prototype-builtins
   37:3868    warning  Do not access Object.prototype method 'hasOwnProperty' from target object  no-prototype-builtins
   37:3909    warning  Do not access Object.prototype method 'hasOwnProperty' from target object  no-prototype-builtins
   37:4076    warning  Do not access Object.prototype method 'hasOwnProperty' from target object  no-prototype-builtins
   37:4103    warning  Do not access Object.prototype method 'hasOwnProperty' from target object  no-prototype-builtins
   37:4694    warning  Do not access Object.prototype method 'hasOwnProperty' from target object  no-prototype-builtins
   37:6030    warning  'MSApp' is not defined                                                     no-undef
   37:6078    warning  'MSApp' is not defined                                                     no-undef
   37:7458    warning  Do not access Object.prototype method 'hasOwnProperty' from target object  no-prototype-builtins
   37:7551    warning  Do not access Object.prototype method 'hasOwnProperty' from target object  no-prototype-builtins
   37:8633    warning  Expected a conditional expression and instead saw an assignment            no-cond-assign
   37:9654    warning  Expected to return a value in method 'get'                                 getter-return
   37:9787    warning  'r' is defined but never used                                              no-unused-vars
   37:9789    warning  'o' is defined but never used                                              no-unused-vars
   37:9791    warning  'i' is defined but never used                                              no-unused-vars
   37:9793    warning  'l' is defined but never used                                              no-unused-vars
   37:9795    warning  's' is defined but never used                                              no-unused-vars
   37:9797    warning  'u' is defined but never used                                              no-unused-vars
   37:9970    warning  'e' is defined but never used                                              no-unused-vars
   37:9972    warning  't' is defined but never used                                              no-unused-vars
   37:9974    warning  'n' is defined but never used                                              no-unused-vars
   37:9976    warning  'r' is defined but never used                                              no-unused-vars
   37:9978    warning  'o' is defined but never used                                              no-unused-vars
   37:9980    warning  'i' is defined but never used                                              no-unused-vars
   37:9982    warning  'l' is defined but never used                                              no-unused-vars
   37:9984    warning  's' is defined but never used                                              no-unused-vars
   37:9986    warning  'u' is defined but never used                                              no-unused-vars
   37:10038   warning  'e' is defined but never used                                              no-unused-vars
   37:10040   warning  't' is defined but never used                                              no-unused-vars
   37:10042   warning  'n' is defined but never used                                              no-unused-vars
   37:10044   warning  'r' is defined but never used                                              no-unused-vars
   37:10046   warning  'o' is defined but never used                                              no-unused-vars
   37:10048   warning  'i' is defined but never used                                              no-unused-vars
   37:10050   warning  'l' is defined but never used                                              no-unused-vars
   37:10052   warning  's' is defined but never used                                              no-unused-vars
   37:10054   warning  'u' is defined but never used                                              no-unused-vars
   37:11887   warning  Empty block statement                                                      no-empty
   37:19767   warning  Do not access Object.prototype method 'hasOwnProperty' from target object  no-prototype-builtins
   37:20109   warning  Invalid typeof comparison value                                            valid-typeof
   37:20283   warning  Invalid typeof comparison value                                            valid-typeof
   37:22148   warning  Expected a conditional expression and instead saw an assignment            no-cond-assign
   37:27688   warning  Expected a conditional expression and instead saw an assignment            no-cond-assign
   37:29154   warning  Do not access Object.prototype method 'hasOwnProperty' from target object  no-prototype-builtins
   37:33254   warning  Expected a 'break' statement before 'case'                                 no-fallthrough
   37:33441   warning  Expected a 'break' statement before 'case'                                 no-fallthrough
   37:34558   warning  Expected a conditional expression and instead saw an assignment            no-cond-assign
   37:36003   warning  Expected a 'break' statement before 'case'                                 no-fallthrough
   37:37433   warning  Unexpected control character(s) in regular expression: \x00                no-control-regex
   38:1506    warning  Expected a conditional expression and instead saw an assignment            no-cond-assign
   38:1606    warning  Expected a conditional expression and instead saw an assignment            no-cond-assign
   38:8988    warning  Expected a 'break' statement before 'case'                                 no-fallthrough
   38:9444    warning  Unexpected constant condition                                              no-constant-condition
   38:10055   warning  Expected a conditional expression and instead saw an assignment            no-cond-assign
   38:10918   warning  Expected a conditional expression and instead saw an assignment            no-cond-assign
   38:18201   warning  Expected a conditional expression and instead saw an assignment            no-cond-assign
   38:24742   warning  Empty block statement                                                      no-empty
   38:24751   warning  Empty block statement                                                      no-empty
   40:3962    warning  Expected a conditional expression and instead saw an assignment            no-cond-assign
   40:5084    warning  Expected a conditional expression and instead saw an assignment            no-cond-assign
   40:12846   warning  Do not access Object.prototype method 'hasOwnProperty' from target object  no-prototype-builtins
   40:12867   warning  Do not access Object.prototype method 'hasOwnProperty' from target object  no-prototype-builtins
   40:12937   warning  Do not access Object.prototype method 'hasOwnProperty' from target object  no-prototype-builtins
   40:13119   warning  Do not access Object.prototype method 'hasOwnProperty' from target object  no-prototype-builtins
   40:13221   warning  Do not access Object.prototype method 'hasOwnProperty' from target object  no-prototype-builtins
   40:13301   warning  Do not access Object.prototype method 'hasOwnProperty' from target object  no-prototype-builtins
   40:13325   warning  Do not access Object.prototype method 'hasOwnProperty' from target object  no-prototype-builtins
   40:13377   warning  Do not access Object.prototype method 'hasOwnProperty' from target object  no-prototype-builtins
   40:13732   warning  Do not access Object.prototype method 'hasOwnProperty' from target object  no-prototype-builtins
   40:15914   warning  Do not access Object.prototype method 'hasOwnProperty' from target object  no-prototype-builtins
   40:16193   warning  Do not access Object.prototype method 'hasOwnProperty' from target object  no-prototype-builtins
   40:16639   warning  Unnecessary escape character: \/                                           no-useless-escape
   40:17509   warning  Do not access Object.prototype method 'hasOwnProperty' from target object  no-prototype-builtins
   40:17818   warning  Do not access Object.prototype method 'hasOwnProperty' from target object  no-prototype-builtins
   40:25821   warning  Empty block statement                                                      no-empty
   40:25856   warning  Expected a 'break' statement before 'case'                                 no-fallthrough
   40:29934   warning  Do not access Object.prototype method 'hasOwnProperty' from target object  no-prototype-builtins
   40:30914   warning  't' is defined but never used                                              no-unused-vars
   40:30916   warning  'n' is defined but never used                                              no-unused-vars
   40:30943   warning  't' is defined but never used                                              no-unused-vars
   40:30945   warning  'n' is defined but never used                                              no-unused-vars
   40:34635   warning  Unexpected constant condition                                              no-constant-condition
   40:39139   warning  Unexpected constant condition                                              no-constant-condition
   40:39429   warning  Unexpected constant condition                                              no-constant-condition
   40:42420   warning  Empty block statement                                                      no-empty
   40:52836   warning  Expected a conditional expression and instead saw an assignment            no-cond-assign
   40:54237   warning  's7' is a function                                                         no-func-assign
   40:54243   warning  'u7' is a function                                                         no-func-assign
   40:55160   warning  '__REACT_DEVTOOLS_GLOBAL_HOOK__' is not defined                            no-undef
   40:55259   warning  Empty block statement                                                      no-empty
   40:57291   warning  '__REACT_DEVTOOLS_GLOBAL_HOOK__' is not defined                            no-undef
   40:57348   warning  '__REACT_DEVTOOLS_GLOBAL_HOOK__' is not defined                            no-undef
   40:57540   warning  'T' is a function                                                          no-func-assign
   40:60626   warning  Empty block statement                                                      no-empty
   40:67472   warning  Empty block statement                                                      no-empty
   40:67965   warning  Expected a conditional expression and instead saw an assignment            no-cond-assign
   40:69976   warning  Expected a 'break' statement before 'case'                                 no-fallthrough
   40:70212   warning  Expected a 'break' statement before 'case'                                 no-fallthrough
   40:70268   warning  Expected a 'break' statement before 'case'                                 no-fallthrough
   40:70395   warning  Expected a 'break' statement before 'default'                              no-fallthrough
   40:70717   warning  Expected a 'break' statement before 'default'                              no-fallthrough
   40:71502   warning  Expected a 'break' statement before 'case'                                 no-fallthrough
   40:72195   warning  Expected a 'break' statement before 'default'                              no-fallthrough
   40:72221   warning  Expected a conditional expression and instead saw an assignment            no-cond-assign
   40:74253   warning  Expected a 'break' statement before 'case'                                 no-fallthrough
   40:74460   warning  Expected a 'break' statement before 'case'                                 no-fallthrough
   47:3212    warning  Expected a 'break' statement before 'case'                                 no-fallthrough
   47:3249    warning  Expected a 'break' statement before 'case'                                 no-fallthrough
   47:12722   warning  'r' is defined but never used                                              no-unused-vars
   47:28718   warning  Do not access Object.prototype method 'hasOwnProperty' from target object  no-prototype-builtins
   47:29965   warning  Do not access Object.prototype method 'hasOwnProperty' from target object  no-prototype-builtins
   47:34483   warning  'jn' is a function                                                         no-func-assign
  120:152974  warning  's' is assigned a value but never used                                     no-unused-vars

✖ 121 problems (0 errors, 121 warnings)

